<?xml version="1.0" encoding="UTF-8"?>
<!-- Generated by org.testng.reporters.JUnitReportReporter -->
<testsuite skipped="0" hostname="Srinivas-PC" name="test.Abc" tests="3" failures="0" timestamp="07 Feb 2019 06:25:37 GMT" time="0.012" errors="0">
  <testcase name="test" time="0.007" classname="test.Abc"/>
  <testcase name="test" time="0.003" classname="test.Abc"/>
  <testcase name="test" time="0.002" classname="test.Abc"/>
</testsuite> <!-- test.Abc -->
